1504231793096	geckodriver	INFO	geckodriver 0.18.0
1504231793100	geckodriver	INFO	Listening on 127.0.0.1:56757
1504231794176	geckodriver::marionette	INFO	Starting browser /Applications/Firefox.app/Contents/MacOS/firefox-bin with args ["-marionette"]
1504231794832	Marionette	INFO	Enabled via --marionette
2017-09-01 10:09:56.463 plugin-container[6642:369200] *** CFMessagePort: bootstrap_register(): failed 1100 (0x44c) 'Permission denied', port = 0xa433, name = 'com.apple.tsm.portname'
See /usr/include/servers/bootstrap_defs.h for the error codes.
2017-09-01 10:09:56.464 plugin-container[6642:369200] *** CFMessagePort: bootstrap_register(): failed 1100 (0x44c) 'Permission denied', port = 0xa703, name = 'com.apple.CFPasteboardClient'
See /usr/include/servers/bootstrap_defs.h for the error codes.
1504231796720	Marionette	INFO	Listening on port 56766
1504231796788	Marionette	WARN	TLS certificate errors will be ignored for this session
JavaScript error: chrome://marionette/content/server.js, line 337: NS_ERROR_SOCKET_ADDRESS_IN_USE: Component returned failure code: 0x804b0036 (NS_ERROR_SOCKET_ADDRESS_IN_USE) [nsIServerSocket.initSpecialConnection]
1504231796835	Marionette	DEBUG	loaded listener.js
1504231796950	Marionette	DEBUG	Received DOM event "beforeunload" for "about:blank"
1504231821408	Marionette	DEBUG	loaded listener.js
1504231839184	Marionette	DEBUG	Received DOM event "beforeunload" for "about:blank"
1504231839228	Marionette	DEBUG	Received DOM event "pagehide" for "about:blank"
1504231839228	Marionette	DEBUG	Received DOM event "unload" for "about:blank"
1504231839231	Marionette	DEBUG	Received observer notification "outer-window-destroyed" for "2147483649"
JavaScript error: jar:file:///Applications/Firefox.app/Contents/Resources/browser/omni.ja!/components/nsBrowserGlue.js, line 999: TypeError: win is null
1504231900507	geckodriver	INFO	geckodriver 0.18.0
1504231900515	geckodriver	INFO	Listening on 127.0.0.1:56869
1504231901585	geckodriver::marionette	INFO	Starting browser /Applications/Firefox.app/Contents/MacOS/firefox-bin with args ["-marionette"]
1504231902193	Marionette	INFO	Enabled via --marionette
2017-09-01 10:11:43.601 plugin-container[6651:370030] *** CFMessagePort: bootstrap_register(): failed 1100 (0x44c) 'Permission denied', port = 0xa33b, name = 'com.apple.tsm.portname'
See /usr/include/servers/bootstrap_defs.h for the error codes.
2017-09-01 10:11:43.602 plugin-container[6651:370030] *** CFMessagePort: bootstrap_register(): failed 1100 (0x44c) 'Permission denied', port = 0xa603, name = 'com.apple.CFPasteboardClient'
See /usr/include/servers/bootstrap_defs.h for the error codes.
1504231903852	Marionette	INFO	Listening on port 56878
JavaScript error: chrome://marionette/content/server.js, line 337: NS_ERROR_SOCKET_ADDRESS_IN_USE: Component returned failure code: 0x804b0036 (NS_ERROR_SOCKET_ADDRESS_IN_USE) [nsIServerSocket.initSpecialConnection]
1504231903883	Marionette	WARN	TLS certificate errors will be ignored for this session
1504231903945	Marionette	DEBUG	loaded listener.js
1504231904069	Marionette	DEBUG	Received DOM event "beforeunload" for "about:blank"
